<?xml version="1.0" encoding="UTF-8"?>
<!-- Generated by org.testng.reporters.JUnitReportReporter -->
<testsuite skipped="0" hostname="vrnnb-prc498" name="myTests.ozon.Test1" tests="3" failures="0" timestamp="2021-03-16T16:30:55 MSK" time="0.006" errors="0">
  <testcase name="third" time="0.000" classname="myTests.ozon.Test1"/>
  <system-out/>
  <testcase name="first" time="0.005" classname="myTests.ozon.Test1"/>
  <system-out/>
  <testcase name="second" time="0.001" classname="myTests.ozon.Test1"/>
  <system-out/>
</testsuite> <!-- myTests.ozon.Test1 -->
