<?xml version="1.0" encoding="UTF-8"?>
<!-- Generated by org.testng.reporters.JUnitReportReporter -->
<testsuite skipped="0" hostname="vrnnb-prc498" name="AutoUni.DriverInit" tests="1" failures="0" timestamp="2021-03-16T16:30:55 MSK" time="0.001" errors="0">
  <testcase name="fourth" time="0.001" classname="AutoUni.DriverInit"/>
  <system-out/>
</testsuite> <!-- AutoUni.DriverInit -->
