<?xml version="1.0" encoding="UTF-8"?>
<!-- Generated by org.testng.reporters.JUnitReportReporter -->
<testsuite skipped="0" hostname="vrnnb-prc498" name="regress.Test1" tests="2" failures="0" timestamp="2021-03-16T16:19:56 MSK" time="0.005" errors="0">
  <testcase name="second" time="0.000" classname="regress.Test1"/>
  <system-out/>
  <testcase name="first" time="0.005" classname="regress.Test1"/>
  <system-out/>
</testsuite> <!-- regress.Test1 -->
